  [1m[36m (1.6ms)[0m  [1mCREATE TABLE "schema_migrations" ("version" varchar(255) NOT NULL) [0m
  [1m[35m (1.5ms)[0m  CREATE UNIQUE INDEX "unique_schema_migrations" ON "schema_migrations" ("version")
  [1m[36mActiveRecord::SchemaMigration Load (0.2ms)[0m  [1mSELECT "schema_migrations".* FROM "schema_migrations"[0m
Migrating to DeviseCreateUsers (20131114173358)
  [1m[35m (0.1ms)[0m  begin transaction
  [1m[36m (0.6ms)[0m  [1mCREATE TABLE "users" ("id" INTEGER PRIMARY KEY AUTOINCREMENT NOT NULL, "email" varchar(255) DEFAULT '' NOT NULL, "encrypted_password" varchar(255) DEFAULT '' NOT NULL, "reset_password_token" varchar(255), "reset_password_sent_at" datetime, "remember_created_at" datetime, "sign_in_count" integer DEFAULT 0 NOT NULL, "current_sign_in_at" datetime, "last_sign_in_at" datetime, "current_sign_in_ip" varchar(255), "last_sign_in_ip" varchar(255), "created_at" datetime, "updated_at" datetime) [0m
  [1m[35m (0.4ms)[0m  CREATE UNIQUE INDEX "index_users_on_email" ON "users" ("email")
  [1m[36m (0.2ms)[0m  [1mCREATE UNIQUE INDEX "index_users_on_reset_password_token" ON "users" ("reset_password_token")[0m
  [1m[35mSQL (0.3ms)[0m  INSERT INTO "schema_migrations" ("version") VALUES (?)  [["version", "20131114173358"]]
  [1m[36m (2.1ms)[0m  [1mcommit transaction[0m
  [1m[35mActiveRecord::SchemaMigration Load (0.1ms)[0m  SELECT "schema_migrations".* FROM "schema_migrations"


Started GET "/" for 127.0.0.1 at 2013-11-14 10:37:11 -0700
  [1m[36mActiveRecord::SchemaMigration Load (0.2ms)[0m  [1mSELECT "schema_migrations".* FROM "schema_migrations"[0m
Processing by DashboardController#index as HTML
  Rendered dashboard/index.html.erb within layouts/application (9.2ms)
Completed 200 OK in 962ms (Views: 936.4ms | ActiveRecord: 0.0ms)


Started GET "/assets/application.css?body=1" for 127.0.0.1 at 2013-11-14 10:37:12 -0700


Started GET "/assets/dashboard.js?body=1" for 127.0.0.1 at 2013-11-14 10:37:12 -0700


Started GET "/assets/dashboard.css?body=1" for 127.0.0.1 at 2013-11-14 10:37:12 -0700


Started GET "/assets/scaffolds.css?body=1" for 127.0.0.1 at 2013-11-14 10:37:12 -0700


Started GET "/assets/jquery.js?body=1" for 127.0.0.1 at 2013-11-14 10:37:12 -0700


Started GET "/assets/turbolinks.js?body=1" for 127.0.0.1 at 2013-11-14 10:37:12 -0700


Started GET "/assets/jquery_ujs.js?body=1" for 127.0.0.1 at 2013-11-14 10:37:12 -0700


Started GET "/assets/application.js?body=1" for 127.0.0.1 at 2013-11-14 10:37:12 -0700


Started GET "/" for 127.0.0.1 at 2013-11-14 10:38:18 -0700
Processing by DashboardController#index as HTML
  Rendered dashboard/index.html.erb within layouts/application (13.3ms)
Completed 200 OK in 21ms (Views: 19.5ms | ActiveRecord: 0.0ms)


Started GET "/assets/application.css?body=1" for 127.0.0.1 at 2013-11-14 10:38:18 -0700


Started GET "/assets/dashboard.css?body=1" for 127.0.0.1 at 2013-11-14 10:38:18 -0700


Started GET "/assets/dashboard.js?body=1" for 127.0.0.1 at 2013-11-14 10:38:18 -0700


Started GET "/assets/scaffolds.css?body=1" for 127.0.0.1 at 2013-11-14 10:38:18 -0700


Started GET "/assets/jquery.js?body=1" for 127.0.0.1 at 2013-11-14 10:38:18 -0700


Started GET "/assets/jquery_ujs.js?body=1" for 127.0.0.1 at 2013-11-14 10:38:18 -0700


Started GET "/assets/turbolinks.js?body=1" for 127.0.0.1 at 2013-11-14 10:38:18 -0700


Started GET "/assets/application.js?body=1" for 127.0.0.1 at 2013-11-14 10:38:18 -0700


Started GET "/" for 127.0.0.1 at 2013-11-14 10:44:50 -0700
Processing by DashboardController#index as HTML
  Rendered dashboard/index.html.erb within layouts/application (0.4ms)
Completed 500 Internal Server Error in 21ms

ActionView::Template::Error (cannot load such file -- less
  (in /Users/impulsedev/Rails/pushvendor_pos/app/assets/stylesheets/less/config.less)):
    2: <html>
    3: <head>
    4:   <title>PushvendorPos</title>
    5:   <%= stylesheet_link_tag    "application", media: "all", "data-turbolinks-track" => true %>
    6:   <%= javascript_include_tag "application", "data-turbolinks-track" => true %>
    7:   <%= csrf_meta_tags %>
    8: </head>
  app/views/layouts/application.html.erb:5:in `_app_views_layouts_application_html_erb___3493263771218725637_70357007637200'


  Rendered /Users/impulsedev/.rvm/gems/ruby-2.0.0-p195@pushvendor_pos/gems/actionpack-4.0.1/lib/action_dispatch/middleware/templates/rescues/_trace.erb (1.9ms)
  Rendered /Users/impulsedev/.rvm/gems/ruby-2.0.0-p195@pushvendor_pos/gems/actionpack-4.0.1/lib/action_dispatch/middleware/templates/rescues/_request_and_response.erb (1.3ms)
  Rendered /Users/impulsedev/.rvm/gems/ruby-2.0.0-p195@pushvendor_pos/gems/actionpack-4.0.1/lib/action_dispatch/middleware/templates/rescues/template_error.erb within rescues/layout (20.7ms)


Started GET "/" for 127.0.0.1 at 2013-11-14 10:45:07 -0700
Processing by DashboardController#index as HTML
  Rendered dashboard/index.html.erb within layouts/application (0.5ms)
Completed 200 OK in 24ms (Views: 23.2ms | ActiveRecord: 0.0ms)


Started GET "/assets/main.css?body=1" for 127.0.0.1 at 2013-11-14 10:45:08 -0700


Started GET "/assets/normalize.css?body=1" for 127.0.0.1 at 2013-11-14 10:45:08 -0700


Started GET "/js/vendor/modernizr-2.6.2-respond-1.1.0.min.js" for 127.0.0.1 at 2013-11-14 10:45:08 -0700

ActionController::RoutingError (No route matches [GET] "/js/vendor/modernizr-2.6.2-respond-1.1.0.min.js"):
  actionpack (4.0.1) lib/action_dispatch/middleware/debug_exceptions.rb:21:in `call'
  actionpack (4.0.1) lib/action_dispatch/middleware/show_exceptions.rb:30:in `call'
  railties (4.0.1) lib/rails/rack/logger.rb:38:in `call_app'
  railties (4.0.1) lib/rails/rack/logger.rb:20:in `block in call'
  activesupport (4.0.1) lib/active_support/tagged_logging.rb:67:in `block in tagged'
  activesupport (4.0.1) lib/active_support/tagged_logging.rb:25:in `tagged'
  activesupport (4.0.1) lib/active_support/tagged_logging.rb:67:in `tagged'
  railties (4.0.1) lib/rails/rack/logger.rb:20:in `call'
  actionpack (4.0.1) lib/action_dispatch/middleware/request_id.rb:21:in `call'
  rack (1.5.2) lib/rack/methodoverride.rb:21:in `call'
  rack (1.5.2) lib/rack/runtime.rb:17:in `call'
  activesupport (4.0.1) lib/active_support/cache/strategy/local_cache.rb:83:in `call'
  rack (1.5.2) lib/rack/lock.rb:17:in `call'
  actionpack (4.0.1) lib/action_dispatch/middleware/static.rb:64:in `call'
  rack (1.5.2) lib/rack/sendfile.rb:112:in `call'
  railties (4.0.1) lib/rails/engine.rb:511:in `call'
  railties (4.0.1) lib/rails/application.rb:97:in `call'
  rack (1.5.2) lib/rack/lock.rb:17:in `call'
  rack (1.5.2) lib/rack/content_length.rb:14:in `call'
  rack (1.5.2) lib/rack/handler/webrick.rb:60:in `service'
  /Users/impulsedev/.rvm/rubies/ruby-2.0.0-p195/lib/ruby/2.0.0/webrick/httpserver.rb:138:in `service'
  /Users/impulsedev/.rvm/rubies/ruby-2.0.0-p195/lib/ruby/2.0.0/webrick/httpserver.rb:94:in `run'
  /Users/impulsedev/.rvm/rubies/ruby-2.0.0-p195/lib/ruby/2.0.0/webrick/server.rb:295:in `block in start_thread'


  Rendered /Users/impulsedev/.rvm/gems/ruby-2.0.0-p195@pushvendor_pos/gems/actionpack-4.0.1/lib/action_dispatch/middleware/templates/rescues/_trace.erb (1.9ms)
  Rendered /Users/impulsedev/.rvm/gems/ruby-2.0.0-p195@pushvendor_pos/gems/actionpack-4.0.1/lib/action_dispatch/middleware/templates/routes/_route.html.erb (2.9ms)
  Rendered /Users/impulsedev/.rvm/gems/ruby-2.0.0-p195@pushvendor_pos/gems/actionpack-4.0.1/lib/action_dispatch/middleware/templates/routes/_table.html.erb (15.4ms)
  Rendered /Users/impulsedev/.rvm/gems/ruby-2.0.0-p195@pushvendor_pos/gems/actionpack-4.0.1/lib/action_dispatch/middleware/templates/rescues/routing_error.erb within rescues/layout (53.3ms)


Started GET "/assets/main.js?body=1" for 127.0.0.1 at 2013-11-14 10:45:08 -0700


Started GET "/" for 127.0.0.1 at 2013-11-14 10:45:14 -0700
Processing by DashboardController#index as HTML
  Rendered dashboard/index.html.erb within layouts/application (0.6ms)
Completed 200 OK in 9ms (Views: 7.7ms | ActiveRecord: 0.0ms)


Started GET "/assets/normalize.css?body=1" for 127.0.0.1 at 2013-11-14 10:45:14 -0700


Started GET "/js/vendor/modernizr-2.6.2-respond-1.1.0.min.js" for 127.0.0.1 at 2013-11-14 10:45:14 -0700

ActionController::RoutingError (No route matches [GET] "/js/vendor/modernizr-2.6.2-respond-1.1.0.min.js"):
  actionpack (4.0.1) lib/action_dispatch/middleware/debug_exceptions.rb:21:in `call'
  actionpack (4.0.1) lib/action_dispatch/middleware/show_exceptions.rb:30:in `call'
  railties (4.0.1) lib/rails/rack/logger.rb:38:in `call_app'
  railties (4.0.1) lib/rails/rack/logger.rb:20:in `block in call'
  activesupport (4.0.1) lib/active_support/tagged_logging.rb:67:in `block in tagged'
  activesupport (4.0.1) lib/active_support/tagged_logging.rb:25:in `tagged'
  activesupport (4.0.1) lib/active_support/tagged_logging.rb:67:in `tagged'
  railties (4.0.1) lib/rails/rack/logger.rb:20:in `call'
  actionpack (4.0.1) lib/action_dispatch/middleware/request_id.rb:21:in `call'
  rack (1.5.2) lib/rack/methodoverride.rb:21:in `call'
  rack (1.5.2) lib/rack/runtime.rb:17:in `call'
  activesupport (4.0.1) lib/active_support/cache/strategy/local_cache.rb:83:in `call'
  rack (1.5.2) lib/rack/lock.rb:17:in `call'
  actionpack (4.0.1) lib/action_dispatch/middleware/static.rb:64:in `call'
  rack (1.5.2) lib/rack/sendfile.rb:112:in `call'
  railties (4.0.1) lib/rails/engine.rb:511:in `call'
  railties (4.0.1) lib/rails/application.rb:97:in `call'
  rack (1.5.2) lib/rack/lock.rb:17:in `call'
  rack (1.5.2) lib/rack/content_length.rb:14:in `call'
  rack (1.5.2) lib/rack/handler/webrick.rb:60:in `service'
  /Users/impulsedev/.rvm/rubies/ruby-2.0.0-p195/lib/ruby/2.0.0/webrick/httpserver.rb:138:in `service'
  /Users/impulsedev/.rvm/rubies/ruby-2.0.0-p195/lib/ruby/2.0.0/webrick/httpserver.rb:94:in `run'
  /Users/impulsedev/.rvm/rubies/ruby-2.0.0-p195/lib/ruby/2.0.0/webrick/server.rb:295:in `block in start_thread'


  Rendered /Users/impulsedev/.rvm/gems/ruby-2.0.0-p195@pushvendor_pos/gems/actionpack-4.0.1/lib/action_dispatch/middleware/templates/rescues/_trace.erb (42.7ms)
  Rendered /Users/impulsedev/.rvm/gems/ruby-2.0.0-p195@pushvendor_pos/gems/actionpack-4.0.1/lib/action_dispatch/middleware/templates/routes/_route.html.erb (2.6ms)
  Rendered /Users/impulsedev/.rvm/gems/ruby-2.0.0-p195@pushvendor_pos/gems/actionpack-4.0.1/lib/action_dispatch/middleware/templates/routes/_table.html.erb (1.7ms)
  Rendered /Users/impulsedev/.rvm/gems/ruby-2.0.0-p195@pushvendor_pos/gems/actionpack-4.0.1/lib/action_dispatch/middleware/templates/rescues/routing_error.erb within rescues/layout (73.1ms)


Started GET "/assets/main.css?body=1" for 127.0.0.1 at 2013-11-14 10:45:14 -0700


Started GET "/assets/main.js?body=1" for 127.0.0.1 at 2013-11-14 10:45:14 -0700


Started GET "/" for 127.0.0.1 at 2013-11-14 10:45:33 -0700
Processing by DashboardController#index as HTML
  Rendered dashboard/index.html.erb within layouts/application (0.5ms)
Completed 200 OK in 10ms (Views: 5.6ms | ActiveRecord: 0.0ms)


Started GET "/assets/normalize.css?body=1" for 127.0.0.1 at 2013-11-14 10:45:33 -0700


Started GET "/assets/main.css?body=1" for 127.0.0.1 at 2013-11-14 10:45:33 -0700


Started GET "/javascripts/vendor/modernizr-2.6.2-respond-1.1.0.min.js" for 127.0.0.1 at 2013-11-14 10:45:33 -0700

ActionController::RoutingError (No route matches [GET] "/javascripts/vendor/modernizr-2.6.2-respond-1.1.0.min.js"):
  actionpack (4.0.1) lib/action_dispatch/middleware/debug_exceptions.rb:21:in `call'
  actionpack (4.0.1) lib/action_dispatch/middleware/show_exceptions.rb:30:in `call'
  railties (4.0.1) lib/rails/rack/logger.rb:38:in `call_app'
  railties (4.0.1) lib/rails/rack/logger.rb:20:in `block in call'
  activesupport (4.0.1) lib/active_support/tagged_logging.rb:67:in `block in tagged'
  activesupport (4.0.1) lib/active_support/tagged_logging.rb:25:in `tagged'
  activesupport (4.0.1) lib/active_support/tagged_logging.rb:67:in `tagged'
  railties (4.0.1) lib/rails/rack/logger.rb:20:in `call'
  actionpack (4.0.1) lib/action_dispatch/middleware/request_id.rb:21:in `call'
  rack (1.5.2) lib/rack/methodoverride.rb:21:in `call'
  rack (1.5.2) lib/rack/runtime.rb:17:in `call'
  activesupport (4.0.1) lib/active_support/cache/strategy/local_cache.rb:83:in `call'
  rack (1.5.2) lib/rack/lock.rb:17:in `call'
  actionpack (4.0.1) lib/action_dispatch/middleware/static.rb:64:in `call'
  rack (1.5.2) lib/rack/sendfile.rb:112:in `call'
  railties (4.0.1) lib/rails/engine.rb:511:in `call'
  railties (4.0.1) lib/rails/application.rb:97:in `call'
  rack (1.5.2) lib/rack/lock.rb:17:in `call'
  rack (1.5.2) lib/rack/content_length.rb:14:in `call'
  rack (1.5.2) lib/rack/handler/webrick.rb:60:in `service'
  /Users/impulsedev/.rvm/rubies/ruby-2.0.0-p195/lib/ruby/2.0.0/webrick/httpserver.rb:138:in `service'
  /Users/impulsedev/.rvm/rubies/ruby-2.0.0-p195/lib/ruby/2.0.0/webrick/httpserver.rb:94:in `run'
  /Users/impulsedev/.rvm/rubies/ruby-2.0.0-p195/lib/ruby/2.0.0/webrick/server.rb:295:in `block in start_thread'


  Rendered /Users/impulsedev/.rvm/gems/ruby-2.0.0-p195@pushvendor_pos/gems/actionpack-4.0.1/lib/action_dispatch/middleware/templates/rescues/_trace.erb (1.6ms)
  Rendered /Users/impulsedev/.rvm/gems/ruby-2.0.0-p195@pushvendor_pos/gems/actionpack-4.0.1/lib/action_dispatch/middleware/templates/routes/_route.html.erb (2.6ms)
  Rendered /Users/impulsedev/.rvm/gems/ruby-2.0.0-p195@pushvendor_pos/gems/actionpack-4.0.1/lib/action_dispatch/middleware/templates/routes/_table.html.erb (1.4ms)
  Rendered /Users/impulsedev/.rvm/gems/ruby-2.0.0-p195@pushvendor_pos/gems/actionpack-4.0.1/lib/action_dispatch/middleware/templates/rescues/routing_error.erb within rescues/layout (29.8ms)


Started GET "/assets/main.js?body=1" for 127.0.0.1 at 2013-11-14 10:45:33 -0700


Started GET "/" for 127.0.0.1 at 2013-11-14 10:46:01 -0700
Processing by DashboardController#index as HTML
  Rendered dashboard/index.html.erb within layouts/application (0.6ms)
Completed 200 OK in 18ms (Views: 17.1ms | ActiveRecord: 0.0ms)


Started GET "/assets/normalize.css?body=1" for 127.0.0.1 at 2013-11-14 10:46:01 -0700


Started GET "/assets/main.css?body=1" for 127.0.0.1 at 2013-11-14 10:46:01 -0700


Started GET "/javascripts/modernizr-2.6.2-respond-1.1.0.min.js" for 127.0.0.1 at 2013-11-14 10:46:01 -0700

ActionController::RoutingError (No route matches [GET] "/javascripts/modernizr-2.6.2-respond-1.1.0.min.js"):
  actionpack (4.0.1) lib/action_dispatch/middleware/debug_exceptions.rb:21:in `call'
  actionpack (4.0.1) lib/action_dispatch/middleware/show_exceptions.rb:30:in `call'
  railties (4.0.1) lib/rails/rack/logger.rb:38:in `call_app'
  railties (4.0.1) lib/rails/rack/logger.rb:20:in `block in call'
  activesupport (4.0.1) lib/active_support/tagged_logging.rb:67:in `block in tagged'
  activesupport (4.0.1) lib/active_support/tagged_logging.rb:25:in `tagged'
  activesupport (4.0.1) lib/active_support/tagged_logging.rb:67:in `tagged'
  railties (4.0.1) lib/rails/rack/logger.rb:20:in `call'
  actionpack (4.0.1) lib/action_dispatch/middleware/request_id.rb:21:in `call'
  rack (1.5.2) lib/rack/methodoverride.rb:21:in `call'
  rack (1.5.2) lib/rack/runtime.rb:17:in `call'
  activesupport (4.0.1) lib/active_support/cache/strategy/local_cache.rb:83:in `call'
  rack (1.5.2) lib/rack/lock.rb:17:in `call'
  actionpack (4.0.1) lib/action_dispatch/middleware/static.rb:64:in `call'
  rack (1.5.2) lib/rack/sendfile.rb:112:in `call'
  railties (4.0.1) lib/rails/engine.rb:511:in `call'
  railties (4.0.1) lib/rails/application.rb:97:in `call'
  rack (1.5.2) lib/rack/lock.rb:17:in `call'
  rack (1.5.2) lib/rack/content_length.rb:14:in `call'
  rack (1.5.2) lib/rack/handler/webrick.rb:60:in `service'
  /Users/impulsedev/.rvm/rubies/ruby-2.0.0-p195/lib/ruby/2.0.0/webrick/httpserver.rb:138:in `service'
  /Users/impulsedev/.rvm/rubies/ruby-2.0.0-p195/lib/ruby/2.0.0/webrick/httpserver.rb:94:in `run'
  /Users/impulsedev/.rvm/rubies/ruby-2.0.0-p195/lib/ruby/2.0.0/webrick/server.rb:295:in `block in start_thread'


  Rendered /Users/impulsedev/.rvm/gems/ruby-2.0.0-p195@pushvendor_pos/gems/actionpack-4.0.1/lib/action_dispatch/middleware/templates/rescues/_trace.erb (1.6ms)
  Rendered /Users/impulsedev/.rvm/gems/ruby-2.0.0-p195@pushvendor_pos/gems/actionpack-4.0.1/lib/action_dispatch/middleware/templates/routes/_route.html.erb (2.6ms)
  Rendered /Users/impulsedev/.rvm/gems/ruby-2.0.0-p195@pushvendor_pos/gems/actionpack-4.0.1/lib/action_dispatch/middleware/templates/routes/_table.html.erb (1.5ms)
  Rendered /Users/impulsedev/.rvm/gems/ruby-2.0.0-p195@pushvendor_pos/gems/actionpack-4.0.1/lib/action_dispatch/middleware/templates/rescues/routing_error.erb within rescues/layout (30.3ms)


Started GET "/assets/main.js?body=1" for 127.0.0.1 at 2013-11-14 10:46:01 -0700


Started GET "/" for 127.0.0.1 at 2013-11-14 10:46:20 -0700
Processing by DashboardController#index as HTML
  Rendered dashboard/index.html.erb within layouts/application (0.6ms)
Completed 200 OK in 15ms (Views: 14.4ms | ActiveRecord: 0.0ms)


Started GET "/assets/normalize.css?body=1" for 127.0.0.1 at 2013-11-14 10:46:20 -0700


Started GET "/assets/vendor/modernizr-2.6.2-respond-1.1.0.min.js?body=1" for 127.0.0.1 at 2013-11-14 10:46:20 -0700


Started GET "/assets/main.css?body=1" for 127.0.0.1 at 2013-11-14 10:46:20 -0700


Started GET "/assets/main.js?body=1" for 127.0.0.1 at 2013-11-14 10:46:20 -0700
